{
  "stats": {
    "suites": 1,
    "tests": 1,
    "passes": 1,
    "pending": 0,
    "failures": 0,
    "start": "2023-01-12T17:02:55.165Z",
    "end": "2023-01-12T17:02:58.739Z",
    "duration": 3574,
    "testsRegistered": 1,
    "passPercent": 100,
    "pendingPercent": 0,
    "other": 0,
    "hasOther": false,
    "skipped": 0,
    "hasSkipped": false
  },
  "results": [
    {
      "uuid": "94f46329-7ee8-42f2-becb-fd2f5928aa83",
      "title": "",
      "fullFile": "cypress\\e2e\\BancoDeItens\\mainBDI.cy.js",
      "file": "cypress\\e2e\\BancoDeItens\\mainBDI.cy.js",
      "beforeHooks": [],
      "afterHooks": [],
      "tests": [],
      "suites": [
        {
          "uuid": "bb723187-fd89-4467-b3bf-7cff20ff875e",
          "title": "Testes da tela de Login",
          "fullFile": "",
          "file": "",
          "beforeHooks": [],
          "afterHooks": [],
          "tests": [
            {
              "title": "Autenticação -> Módulo encomenda",
              "fullTitle": "Testes da tela de Login Autenticação -> Módulo encomenda",
              "timedOut": null,
              "duration": 3508,
              "state": "passed",
              "speed": "fast",
              "pass": true,
              "fail": false,
              "pending": false,
              "context": null,
              "code": "cy.get('input[type=\"text\"]').type('00000000000');\ncy.get('input[type=\"password\"]').type('123456');\ncy.get('button[type=\"submit\"]').click();\ncy.get('select[id=\"undefined\"]').select('0: 1');\ncy.get('.btn-dark').click();\ncy.get('.modal-body > app-seletor-modulo > .row > .col > :nth-child(1)').click();\ncy.url().should('include', 'http://homologa.elaboracaoprova.intranet.cesgranrio.org.br/elaboracao-prova-client/home/home-encomenda');",
              "err": {},
              "uuid": "9db00649-0164-4f6c-b897-246030faaa58",
              "parentUUID": "bb723187-fd89-4467-b3bf-7cff20ff875e",
              "isHook": false,
              "skipped": false
            }
          ],
          "suites": [],
          "passes": [
            "9db00649-0164-4f6c-b897-246030faaa58"
          ],
          "failures": [],
          "pending": [],
          "skipped": [],
          "duration": 3508,
          "root": false,
          "rootEmpty": false,
          "_timeout": 2000
        }
      ],
      "passes": [],
      "failures": [],
      "pending": [],
      "skipped": [],
      "duration": 0,
      "root": true,
      "rootEmpty": true,
      "_timeout": 2000
    }
  ],
  "meta": {
    "mocha": {
      "version": "7.0.1"
    },
    "mochawesome": {
      "options": {
        "quiet": false,
        "reportFilename": "mochawesome",
        "saveHtml": true,
        "saveJson": true,
        "consoleReporter": "spec",
        "useInlineDiffs": false,
        "code": true
      },
      "version": "7.1.3"
    },
    "marge": {
      "options": null,
      "version": "6.2.0"
    }
  }
}