{
  "stats": {
    "suites": 1,
    "tests": 9,
    "passes": 9,
    "pending": 0,
    "failures": 0,
    "start": "2023-01-12T17:11:32.148Z",
    "end": "2023-01-12T17:12:24.280Z",
    "duration": 52132,
    "testsRegistered": 9,
    "passPercent": 100,
    "pendingPercent": 0,
    "other": 0,
    "hasOther": false,
    "skipped": 0,
    "hasSkipped": false
  },
  "results": [
    {
      "uuid": "e79805b0-2078-4fe6-9643-809efd163564",
      "title": "",
      "fullFile": "cypress\\e2e\\Evento\\mainEvento.cy.js",
      "file": "cypress\\e2e\\Evento\\mainEvento.cy.js",
      "beforeHooks": [],
      "afterHooks": [],
      "tests": [],
      "suites": [
        {
          "uuid": "67ddd759-e95d-4e25-b315-dac721faf444",
          "title": "Teste geral caderno",
          "fullFile": "",
          "file": "",
          "beforeHooks": [],
          "afterHooks": [],
          "tests": [
            {
              "title": "Autenticação -> Módulo evento",
              "fullTitle": "Teste geral caderno Autenticação -> Módulo evento",
              "timedOut": null,
              "duration": 3191,
              "state": "passed",
              "speed": "fast",
              "pass": true,
              "fail": false,
              "pending": false,
              "context": null,
              "code": "cy.loginCaderno('00000000000', '123456');\ncy.get('.modal-body > app-seletor-modulo > .row > .col > :nth-child(2)').click();\ncy.url().should('include', 'http://homologa.elaboracaoprova.intranet.cesgranrio.org.br/elaboracao-prova-client/home/home-evento');",
              "err": {},
              "uuid": "55fbaf23-00f5-42d1-892c-e3065688bbdf",
              "parentUUID": "67ddd759-e95d-4e25-b315-dac721faf444",
              "isHook": false,
              "skipped": false
            },
            {
              "title": "US13019 - Criar Item",
              "fullTitle": "Teste geral caderno US13019 - Criar Item",
              "timedOut": null,
              "duration": 9280,
              "state": "passed",
              "speed": "medium",
              "pass": true,
              "fail": false,
              "pending": false,
              "context": null,
              "code": "cy.loginCaderno('00000000000', '123456');\ncy.get('.modal-body > app-seletor-modulo > .row > .col > :nth-child(2) > .seletor-modulo-titulo').click();\ncy.contains('span', 'Eventos').click();\ncy.get('a[ng-reflect-router-link=\"/home/evento-editar,57\"]').click();\ncy.get('button[class=\"swal2-confirm swal2-styled swal2-default-outline\"]').click();\ncy.contains('span', 'Itens').click();\ncy.get('button[class=\"btn btn-block btn-dark\"]').click();\nconst codigoInvalido = 'códigoInvalido!@?';\ncy.get('input[name=\"codigo\"]').type(codigoInvalido);\ncy.get(':nth-child(2) > .ng-dirty > #undefined').select(\"1: 1\");\ncy.get(':nth-child(3) > .ng-dirty > #undefined').select(\"1: 81\");\ncy.get('button[class=\"btn btn-dark text-nowrap\"]').click().wait(1000);\n//valida não permitir caractere especiais\ncy.contains('div', 'Código do item inválido, não são permitidos caracteres especiais').should(\"be.visible\");\ncy.get('button[class=\"swal2-confirm swal2-styled swal2-default-outline\"]').click();\nconst randomNumber = Math.floor(Math.random() * 1000) + 1;\ncy.get('input[name=\"codigo\"]').clear().type(randomNumber);\ncy.get('button[class=\"btn btn-dark text-nowrap\"]').click();\ncy.url().should('include', 'http://homologa.elaboracaoprova.intranet.cesgranrio.org.br/elaboracao-prova-client/home/item-editar/');\ncy.contains('span', 'Itens').click();\ncy.get('body').contains(randomNumber).log('Código encontrado');",
              "err": {},
              "uuid": "d8faae30-2874-4696-a0d7-ed0e2525794e",
              "parentUUID": "67ddd759-e95d-4e25-b315-dac721faf444",
              "isHook": false,
              "skipped": false
            },
            {
              "title": "US16827 - Validação das configurações do item",
              "fullTitle": "Teste geral caderno US16827 - Validação das configurações do item",
              "timedOut": null,
              "duration": 10464,
              "state": "passed",
              "speed": "slow",
              "pass": true,
              "fail": false,
              "pending": false,
              "context": null,
              "code": "cy.loginCaderno('00000000000', '123456');\ncy.get('.modal-body > app-seletor-modulo > .row > .col > :nth-child(2) > .seletor-modulo-titulo').click();\ncy.contains('span', 'Eventos').click();\ncy.get('a[ng-reflect-router-link=\"/home/evento-editar,57\"]').click();\ncy.get('button[class=\"swal2-confirm swal2-styled swal2-default-outline\"]').click();\ncy.contains('span', 'Itens').click();\ncy.get('tbody > :nth-child(1) > :nth-child(5)').click().wait(2000);\n//acessa o item\ncy.contains('button', 'Editar Item');\ncy.get('[ng-reflect-ng-class=\"\"]').click().wait(2000);\ncy.get('#button-basic').click();\ncy.get(':nth-child(1) > .dropdown-item').click();\ncy.contains('Label Questão').should(\"be.visible\");\ncy.contains('Rótulo da justificativa').should(\"be.visible\");\ncy.contains('Peso').should(\"be.visible\");\ncy.contains('Alternativa').should(\"be.visible\");\ncy.contains('Dificuldade').should(\"be.visible\");\ncy.get(':nth-child(6) > div > .btn').click();\ncy.get('.swal2-confirm').click();",
              "err": {},
              "uuid": "56213ebc-bef9-4af5-acce-0f357e404b22",
              "parentUUID": "67ddd759-e95d-4e25-b315-dac721faf444",
              "isHook": false,
              "skipped": false
            },
            {
              "title": "Validar tela de usuário",
              "fullTitle": "Teste geral caderno Validar tela de usuário",
              "timedOut": null,
              "duration": 6471,
              "state": "passed",
              "speed": "medium",
              "pass": true,
              "fail": false,
              "pending": false,
              "context": null,
              "code": "cy.loginCaderno('00000000000', '123456');\ncy.get('.modal-body > app-seletor-modulo > .row > .col > :nth-child(2) > .seletor-modulo-titulo').click();\ncy.get('div[ng-reflect-tooltip=\"Usuários\"]').click();\ncy.url().should('include', 'http://homologa.elaboracaoprova.intranet.cesgranrio.org.br/elaboracao-prova-client/home/usuario-listar');\ncy.get('h2[class=\"navbar-brand\"]').should('contain', ' Usuários');\ncy.get('button[class=\"btn btn-block btn-dark\"]').click();\nlet gerarCpf = _fakerBr.br.cpf();\ncy.get('input[name=\"cpf\"]').type(gerarCpf);\ncy.get('button[class=\"btn btn-dark text-nowrap\"]').click();\ncy.get('input[name=\"nome\"]').type('UsuárioCypress');\ncy.get('input[name=\"senha\"]').type('123456');\ncy.get('button[class=\"btn btn-dark text-nowrap\"]').click();\ncy.get('button[class=\"swal2-confirm swal2-styled swal2-default-outline\"]').click().wait(1000);\ncy.get('input[ng-reflect-model=\"true\"]').should('be.checked');\ncy.get('input[id=\"administrador\"]').should('not.be.checked');",
              "err": {},
              "uuid": "2e0101e7-c43e-467f-b29b-02ab9f201300",
              "parentUUID": "67ddd759-e95d-4e25-b315-dac721faf444",
              "isHook": false,
              "skipped": false
            },
            {
              "title": "Validar tela de grupos",
              "fullTitle": "Teste geral caderno Validar tela de grupos",
              "timedOut": null,
              "duration": 10103,
              "state": "passed",
              "speed": "slow",
              "pass": true,
              "fail": false,
              "pending": false,
              "context": null,
              "code": "cy.loginCaderno('00000000000', '123456');\ncy.get('.modal-body > app-seletor-modulo > .row > .col > :nth-child(2) > .seletor-modulo-titulo').click();\ncy.contains('span', 'Grupos').click();\ncy.url().should('include', 'http://homologa.elaboracaoprova.intranet.cesgranrio.org.br/elaboracao-prova-client/home/grupo-listar');\ncy.get('h2[class=\"navbar-brand\"]').should('contain', ' Grupos').wait(1000);\ncy.get('button[class=\"btn btn-block btn-dark\"]').click();\ncy.url().should('include', 'http://homologa.elaboracaoprova.intranet.cesgranrio.org.br/elaboracao-prova-client/home/grupo-editar');\ncy.get('input[id=\"nome\"]').type('GrupoCypress');\ncy.get('button[class=\"btn btn-dark btn-block\"]').click();\ncy.contains('div', 'Grupo incluído com sucesso.').should(\"be.visible\");\ncy.get('button[class=\"swal2-confirm swal2-styled swal2-default-outline\"]').click();\ncy.get('.align-self-right > .btn').click();\ncy.get('input[placeholder=\"Informe o CPF do usuário\"]').type('15275162707');\ncy.get('button[class=\"btn btn-dark text-nowrap\"]').click();\ncy.get('button[class=\"swal2-confirm swal2-styled swal2-default-outline\"]').click();\ncy.contains('span', 'Grupos').click();\ncy.contains('td', 'GrupoCypress').parent().find('a.btn.btn-outline-secondary.text-nowrap.ng-star-inserted').contains('Editar').click();\ncy.get('button[class=\"btn btn-outline-danger mr-2\"]').click();\ncy.get('button[class=\"swal2-confirm swal2-styled swal2-default-outline\"]').click();\ncy.get('button[class=\"swal2-confirm swal2-styled swal2-default-outline\"]').click();\ncy.get('button[class=\"btn btn-outline-danger btn-block\"]').click();\ncy.get('button[class=\"swal2-confirm swal2-styled swal2-default-outline\"]').click();\ncy.get('button[class=\"swal2-confirm swal2-styled swal2-default-outline\"]').click();\ncy.contains('td', 'GrupoCypress').should(\"not.exist\");",
              "err": {},
              "uuid": "80202117-902f-49aa-a175-0ed65babe9cb",
              "parentUUID": "67ddd759-e95d-4e25-b315-dac721faf444",
              "isHook": false,
              "skipped": false
            },
            {
              "title": "Validar tela de área",
              "fullTitle": "Teste geral caderno Validar tela de área",
              "timedOut": null,
              "duration": 5151,
              "state": "passed",
              "speed": "medium",
              "pass": true,
              "fail": false,
              "pending": false,
              "context": null,
              "code": "cy.loginCaderno('00000000000', '123456');\ncy.get('.modal-body > app-seletor-modulo > .row > .col > :nth-child(2) > .seletor-modulo-titulo').click();\ncy.contains('span', 'Áreas').click();\ncy.url().should('include', 'http://homologa.elaboracaoprova.intranet.cesgranrio.org.br/elaboracao-prova-client/home/area-listar');\ncy.get('h2[class=\"navbar-brand\"]').should('contain', ' Áreas');\ncy.get('button[class=\"btn btn-block btn-dark\"]').click();\ncy.url().should('include', 'http://homologa.elaboracaoprova.intranet.cesgranrio.org.br/elaboracao-prova-client/home/area-editar');\ncy.get('input[id=\"rotulo\"]').type('cyT');\ncy.get('input[id=\"nome\"]').type('areaCypress');\ncy.get('button[class=\"btn btn-dark btn-block\"]').click();\ncy.get('button[class=\"swal2-confirm swal2-styled swal2-default-outline\"]').click();\ncy.get('button[class=\"btn btn-outline-light mr-2 px-4\"]').click();\ncy.contains('td', 'areaCypress').parent().find('a.btn.btn-outline-secondary.text-nowrap.ng-star-inserted').contains('Editar').click();\ncy.get('button[class=\"btn btn-outline-danger btn-block\"]').click();\ncy.get('button[class=\"swal2-confirm swal2-styled swal2-default-outline\"]').click();\ncy.get('button[class=\"swal2-confirm swal2-styled swal2-default-outline\"]').click();\ncy.contains('td', 'areaCypress').should(\"not.exist\");",
              "err": {},
              "uuid": "4a939655-d0f0-4c46-8630-c04d0ad9c3f2",
              "parentUUID": "67ddd759-e95d-4e25-b315-dac721faf444",
              "isHook": false,
              "skipped": false
            },
            {
              "title": "Validar tela elmah",
              "fullTitle": "Teste geral caderno Validar tela elmah",
              "timedOut": null,
              "duration": 2424,
              "state": "passed",
              "speed": "fast",
              "pass": true,
              "fail": false,
              "pending": false,
              "context": null,
              "code": "cy.loginCaderno('00000000000', '123456');\ncy.get('.modal-body > app-seletor-modulo > .row > .col > :nth-child(2) > .seletor-modulo-titulo').click();\ncy.contains('span', ' Elmah erros').click();\ncy.url().should('include', 'http://homologa.elaboracaoprova.intranet.cesgranrio.org.br/elaboracao-prova-client/home/elmah-errors-listar');\ncy.get('h2[class=\"navbar-brand\"]').should('contain', ' Elmah erros');\n/* cy.request({\n    method: 'GET',\n    url: 'http://homologa.elaboracaoprova.intranet.cesgranrio.org.br/ElaboracaoProvaAPI/api/ElmahErrors?errorId=&pagina=1&limitePorPagina=50',\n    headers: { 'Content-Type': 'application/json' },\n    body: { 'param': 'value' }\n})\n    .its('status')\n    .should('equal', 200) */",
              "err": {},
              "uuid": "a465e163-2d43-435b-b81a-f5c6bbd6edad",
              "parentUUID": "67ddd759-e95d-4e25-b315-dac721faf444",
              "isHook": false,
              "skipped": false
            },
            {
              "title": "Validar tela expurgo",
              "fullTitle": "Teste geral caderno Validar tela expurgo",
              "timedOut": null,
              "duration": 2371,
              "state": "passed",
              "speed": "fast",
              "pass": true,
              "fail": false,
              "pending": false,
              "context": null,
              "code": "cy.loginCaderno('00000000000', '123456');\ncy.get('.modal-body > app-seletor-modulo > .row > .col > :nth-child(2) > .seletor-modulo-titulo').click();\ncy.contains('span', ' Expurgo').click();\ncy.url().should('include', 'http://homologa.elaboracaoprova.intranet.cesgranrio.org.br/elaboracao-prova-client/home/expurgo-listar');\ncy.get('h2[class=\"navbar-brand\"]').should('contain', ' Expurgo');",
              "err": {},
              "uuid": "b695ad4f-8b24-4453-996e-a9b99fb4bcc5",
              "parentUUID": "67ddd759-e95d-4e25-b315-dac721faf444",
              "isHook": false,
              "skipped": false
            },
            {
              "title": "Validar tela Log Geral",
              "fullTitle": "Teste geral caderno Validar tela Log Geral",
              "timedOut": null,
              "duration": 2382,
              "state": "passed",
              "speed": "fast",
              "pass": true,
              "fail": false,
              "pending": false,
              "context": null,
              "code": "cy.loginCaderno('00000000000', '123456');\ncy.get('.modal-body > app-seletor-modulo > .row > .col > :nth-child(2) > .seletor-modulo-titulo').click();\ncy.contains('span', ' Log Geral').click();\ncy.url().should('include', 'http://homologa.elaboracaoprova.intranet.cesgranrio.org.br/elaboracao-prova-client/home/log-geral');\ncy.get('h2[class=\"navbar-brand\"]').should('contain', ' Log do sistema');",
              "err": {},
              "uuid": "10c90aaa-ff39-42ec-8e80-72a22193cf20",
              "parentUUID": "67ddd759-e95d-4e25-b315-dac721faf444",
              "isHook": false,
              "skipped": false
            }
          ],
          "suites": [],
          "passes": [
            "55fbaf23-00f5-42d1-892c-e3065688bbdf",
            "d8faae30-2874-4696-a0d7-ed0e2525794e",
            "56213ebc-bef9-4af5-acce-0f357e404b22",
            "2e0101e7-c43e-467f-b29b-02ab9f201300",
            "80202117-902f-49aa-a175-0ed65babe9cb",
            "4a939655-d0f0-4c46-8630-c04d0ad9c3f2",
            "a465e163-2d43-435b-b81a-f5c6bbd6edad",
            "b695ad4f-8b24-4453-996e-a9b99fb4bcc5",
            "10c90aaa-ff39-42ec-8e80-72a22193cf20"
          ],
          "failures": [],
          "pending": [],
          "skipped": [],
          "duration": 51837,
          "root": false,
          "rootEmpty": false,
          "_timeout": 2000
        }
      ],
      "passes": [],
      "failures": [],
      "pending": [],
      "skipped": [],
      "duration": 0,
      "root": true,
      "rootEmpty": true,
      "_timeout": 2000
    }
  ],
  "meta": {
    "mocha": {
      "version": "7.0.1"
    },
    "mochawesome": {
      "options": {
        "quiet": false,
        "reportFilename": "mochawesome",
        "saveHtml": true,
        "saveJson": true,
        "consoleReporter": "spec",
        "useInlineDiffs": false,
        "code": true
      },
      "version": "7.1.3"
    },
    "marge": {
      "options": null,
      "version": "6.2.0"
    }
  }
}